06:23:42.048 [34mINFO [0;39m edu.mayo.kmdp.repository.asset.catalog.UserAgentClientTest - Starting UserAgentClientTest on fv-az80-227 with PID 9740 (started by vsts in /home/vsts/work/1/s/kmdp-knowledge-asset-repository-service/kmdp-knowledge-asset-repository-impl)
06:23:42.048 [39mDEBUG[0;39m edu.mayo.kmdp.repository.asset.catalog.UserAgentClientTest - Running with Spring Boot v2.2.1.RELEASE, Spring v5.2.1.RELEASE
06:23:42.048 [34mINFO [0;39m edu.mayo.kmdp.repository.asset.catalog.UserAgentClientTest - No active profile set, falling back to default profiles: default
06:23:43.789 [34mINFO [0;39m org.springframework.data.repository.config.RepositoryConfigurationDelegate - Bootstrapping Spring Data repositories in DEFAULT mode.
06:23:43.833 [34mINFO [0;39m org.springframework.data.repository.config.RepositoryConfigurationDelegate - Finished Spring Data repository scanning in 34ms. Found 0 repository interfaces.
06:23:44.429 [34mINFO [0;39m org.springframework.context.support.PostProcessorRegistrationDelegate$BeanPostProcessorChecker - Bean 'org.springframework.transaction.annotation.ProxyTransactionManagementConfiguration' of type [org.springframework.transaction.annotation.ProxyTransactionManagementConfiguration] is not eligible for getting processed by all BeanPostProcessors (for example: not eligible for auto-proxying)
06:23:44.886 [34mINFO [0;39m org.springframework.boot.web.embedded.tomcat.TomcatWebServer - Tomcat initialized with port(s): 0 (http)
06:23:44.898 [34mINFO [0;39m org.apache.coyote.http11.Http11NioProtocol - Initializing ProtocolHandler ["http-nio-auto-1"]
06:23:44.899 [34mINFO [0;39m org.apache.catalina.core.StandardService - Starting service [Tomcat]
06:23:44.899 [34mINFO [0;39m org.apache.catalina.core.StandardEngine - Starting Servlet engine: [Apache Tomcat/9.0.27]
06:23:45.036 [34mINFO [0;39m org.apache.catalina.core.ContainerBase.[Tomcat].[localhost].[/] - Initializing Spring embedded WebApplicationContext
06:23:45.037 [34mINFO [0;39m org.springframework.web.context.ContextLoader - Root WebApplicationContext: initialization completed in 2958 ms
06:23:45.592 [34mINFO [0;39m com.zaxxer.hikari.HikariDataSource - HikariPool-1 - Starting...
06:23:45.842 [34mINFO [0;39m com.zaxxer.hikari.HikariDataSource - HikariPool-1 - Start completed.
06:23:45.916 [34mINFO [0;39m org.hibernate.jpa.internal.util.LogHelper - HHH000204: Processing PersistenceUnitInfo [name: default]
06:23:46.014 [34mINFO [0;39m org.hibernate.Version - HHH000412: Hibernate Core {5.4.8.Final}
06:23:46.182 [34mINFO [0;39m org.hibernate.annotations.common.Version - HCANN000001: Hibernate Commons Annotations {5.1.0.Final}
06:23:46.358 [34mINFO [0;39m org.hibernate.dialect.Dialect - HHH000400: Using dialect: org.hibernate.dialect.H2Dialect
06:23:46.709 [34mINFO [0;39m org.hibernate.engine.transaction.jta.platform.internal.JtaPlatformInitiator - HHH000490: Using JtaPlatform implementation: [org.hibernate.engine.transaction.jta.platform.internal.NoJtaPlatform]
06:23:46.716 [34mINFO [0;39m org.springframework.orm.jpa.LocalContainerEntityManagerFactoryBean - Initialized JPA EntityManagerFactory for persistence unit 'default'
06:23:46.773 [34mINFO [0;39m edu.mayo.kmdp.repository.asset.KnowledgeAssetRepositoryComponentConfig - Knowledge Asset Repository using DB connection: jdbc:h2:mem:testdb
06:23:46.787 [34mINFO [0;39m org.hibernate.jpa.internal.util.LogHelper - HHH000204: Processing PersistenceUnitInfo [name: default]
06:23:46.829 [34mINFO [0;39m org.hibernate.dialect.Dialect - HHH000400: Using dialect: org.hibernate.dialect.H2Dialect
06:23:47.294 [34mINFO [0;39m org.hibernate.engine.transaction.jta.platform.internal.JtaPlatformInitiator - HHH000490: Using JtaPlatform implementation: [org.hibernate.engine.transaction.jta.platform.internal.NoJtaPlatform]
06:23:47.294 [34mINFO [0;39m org.springframework.orm.jpa.LocalContainerEntityManagerFactoryBean - Initialized JPA EntityManagerFactory for persistence unit 'default'
06:23:48.643 [34mINFO [0;39m ca.uhn.fhir.util.VersionUtil - HAPI FHIR version 4.1.0 - Rev 03163c2cf5
06:23:48.648 [34mINFO [0;39m ca.uhn.fhir.context.FhirContext - Creating new FHIR context for FHIR version [DSTU3]
06:23:48.658 [34mINFO [0;39m ca.uhn.fhir.context.FhirContext - Creating new FHIR context for FHIR version [DSTU3]
06:23:48.898 [34mINFO [0;39m ca.uhn.fhir.context.FhirContext - Creating new FHIR context for FHIR version [DSTU3]
06:23:48.900 [34mINFO [0;39m ca.uhn.fhir.context.FhirContext - Creating new FHIR context for FHIR version [DSTU3]
06:23:48.987 [31mWARN [0;39m edu.mayo.kmdp.repository.asset.index.sparql.JenaSparqlDao - org.h2.jdbc.JdbcSQLSyntaxErrorException: Table "TRIPLES" not found; SQL statement:
SELECT COUNT(*) FROM Triples [42102-200]
06:23:48.988 [31mWARN [0;39m edu.mayo.kmdp.repository.asset.index.sparql.JenaSparqlDao - Please check that your DB is setup properly
06:23:49.371 [34mINFO [0;39m edu.mayo.kmdp.repository.asset.SemanticKnowledgeAssetRepository - This repository does not support DELETE operations
06:23:49.645 [31mWARN [0;39m org.springframework.boot.autoconfigure.orm.jpa.JpaBaseConfiguration$JpaWebConfiguration - spring.jpa.open-in-view is enabled by default. Therefore, database queries may be performed during view rendering. Explicitly configure spring.jpa.open-in-view to disable this warning
06:23:49.835 [34mINFO [0;39m org.springframework.boot.actuate.endpoint.web.EndpointLinksResolver - Exposing 2 endpoint(s) beneath base path '/actuator'
06:23:50.513 [34mINFO [0;39m springfox.documentation.spring.web.PropertySourcedRequestMappingHandlerMapping - Mapped URL path [/v2/api-docs] onto method [springfox.documentation.swagger2.web.Swagger2Controller#getDocumentation(String, HttpServletRequest)]
06:23:50.658 [34mINFO [0;39m org.springframework.scheduling.concurrent.ThreadPoolTaskExecutor - Initializing ExecutorService 'applicationTaskExecutor'
06:23:51.070 [34mINFO [0;39m springfox.documentation.spring.web.plugins.DocumentationPluginsBootstrapper - Context refreshed
06:23:51.091 [34mINFO [0;39m springfox.documentation.spring.web.plugins.DocumentationPluginsBootstrapper - Found 1 custom documentation plugin(s)
06:23:51.162 [34mINFO [0;39m springfox.documentation.spring.web.scanners.ApiListingReferenceScanner - Scanning for api listing references
06:23:52.183 [34mINFO [0;39m org.apache.coyote.http11.Http11NioProtocol - Starting ProtocolHandler ["http-nio-auto-1"]
06:23:52.208 [34mINFO [0;39m org.springframework.boot.web.embedded.tomcat.TomcatWebServer - Tomcat started on port(s): 41873 (http) with context path ''
06:23:52.217 [34mINFO [0;39m edu.mayo.kmdp.repository.asset.catalog.UserAgentClientTest - Started UserAgentClientTest in 11.601 seconds (JVM running for 13.295)
06:23:52.554 [34mINFO [0;39m org.apache.catalina.core.ContainerBase.[Tomcat].[localhost].[/] - Initializing Spring DispatcherServlet 'dispatcherServlet'
06:23:52.554 [34mINFO [0;39m org.springframework.web.servlet.DispatcherServlet - Initializing Servlet 'dispatcherServlet'
06:23:52.574 [34mINFO [0;39m org.springframework.web.servlet.DispatcherServlet - Completed initialization in 20 ms
06:23:57.779 [34mINFO [0;39m org.springframework.test.context.support.AbstractContextLoader - Could not detect default resource locations for test class [edu.mayo.kmdp.repository.asset.SemanticRepoAPITestBase]: no resource found for suffixes {-context.xml, Context.groovy}.
06:23:57.784 [34mINFO [0;39m org.springframework.boot.test.context.SpringBootTestContextBootstrapper - Loaded default TestExecutionListener class names from location [META-INF/spring.factories]: [org.springframework.boot.test.mock.mockito.MockitoTestExecutionListener, org.springframework.boot.test.mock.mockito.ResetMocksTestExecutionListener, org.springframework.test.context.web.ServletTestExecutionListener, org.springframework.test.context.support.DirtiesContextBeforeModesTestExecutionListener, org.springframework.test.context.support.DependencyInjectionTestExecutionListener, org.springframework.test.context.support.DirtiesContextTestExecutionListener, org.springframework.test.context.transaction.TransactionalTestExecutionListener, org.springframework.test.context.jdbc.SqlScriptsTestExecutionListener, org.springframework.test.context.event.EventPublishingTestExecutionListener]
06:23:57.790 [34mINFO [0;39m org.springframework.boot.test.context.SpringBootTestContextBootstrapper - Using TestExecutionListeners: [org.springframework.test.context.web.ServletTestExecutionListener@46a7703a, org.springframework.test.context.support.DirtiesContextBeforeModesTestExecutionListener@60399d13, org.springframework.boot.test.mock.mockito.MockitoTestExecutionListener@44cea6bb, org.springframework.test.context.support.DependencyInjectionTestExecutionListener@6307382, org.springframework.test.context.support.DirtiesContextTestExecutionListener@7bebe5de, org.springframework.test.context.transaction.TransactionalTestExecutionListener@57163eb5, org.springframework.test.context.jdbc.SqlScriptsTestExecutionListener@665cb192, org.springframework.test.context.event.EventPublishingTestExecutionListener@63f562b8, org.springframework.boot.test.mock.mockito.ResetMocksTestExecutionListener@4714ae0d]
06:23:58.112 [34mINFO [0;39m org.springframework.test.context.support.AbstractContextLoader - Could not detect default resource locations for test class [edu.mayo.kmdp.repository.asset.SemanticRepoAPITestBase]: no resource found for suffixes {-context.xml, Context.groovy}.
06:23:58.121 [34mINFO [0;39m org.springframework.boot.test.context.SpringBootTestContextBootstrapper - Loaded default TestExecutionListener class names from location [META-INF/spring.factories]: [org.springframework.boot.test.mock.mockito.MockitoTestExecutionListener, org.springframework.boot.test.mock.mockito.ResetMocksTestExecutionListener, org.springframework.test.context.web.ServletTestExecutionListener, org.springframework.test.context.support.DirtiesContextBeforeModesTestExecutionListener, org.springframework.test.context.support.DependencyInjectionTestExecutionListener, org.springframework.test.context.support.DirtiesContextTestExecutionListener, org.springframework.test.context.transaction.TransactionalTestExecutionListener, org.springframework.test.context.jdbc.SqlScriptsTestExecutionListener, org.springframework.test.context.event.EventPublishingTestExecutionListener]
06:23:58.122 [34mINFO [0;39m org.springframework.boot.test.context.SpringBootTestContextBootstrapper - Using TestExecutionListeners: [org.springframework.test.context.web.ServletTestExecutionListener@32f79272, org.springframework.test.context.support.DirtiesContextBeforeModesTestExecutionListener@545bdccb, org.springframework.boot.test.mock.mockito.MockitoTestExecutionListener@2429992a, org.springframework.test.context.support.DependencyInjectionTestExecutionListener@419c537, org.springframework.test.context.support.DirtiesContextTestExecutionListener@a73b3c4, org.springframework.test.context.transaction.TransactionalTestExecutionListener@c49bc5, org.springframework.test.context.jdbc.SqlScriptsTestExecutionListener@68cca23e, org.springframework.test.context.event.EventPublishingTestExecutionListener@22b6e26d, org.springframework.boot.test.mock.mockito.ResetMocksTestExecutionListener@354c986c]
06:23:58.326 [34mINFO [0;39m org.springframework.test.context.support.AbstractContextLoader - Could not detect default resource locations for test class [edu.mayo.kmdp.repository.asset.SemanticRepoAPITestBase]: no resource found for suffixes {-context.xml, Context.groovy}.
06:23:58.329 [34mINFO [0;39m org.springframework.boot.test.context.SpringBootTestContextBootstrapper - Loaded default TestExecutionListener class names from location [META-INF/spring.factories]: [org.springframework.boot.test.mock.mockito.MockitoTestExecutionListener, org.springframework.boot.test.mock.mockito.ResetMocksTestExecutionListener, org.springframework.test.context.web.ServletTestExecutionListener, org.springframework.test.context.support.DirtiesContextBeforeModesTestExecutionListener, org.springframework.test.context.support.DependencyInjectionTestExecutionListener, org.springframework.test.context.support.DirtiesContextTestExecutionListener, org.springframework.test.context.transaction.TransactionalTestExecutionListener, org.springframework.test.context.jdbc.SqlScriptsTestExecutionListener, org.springframework.test.context.event.EventPublishingTestExecutionListener]
06:23:58.330 [34mINFO [0;39m org.springframework.boot.test.context.SpringBootTestContextBootstrapper - Using TestExecutionListeners: [org.springframework.test.context.web.ServletTestExecutionListener@222e8b99, org.springframework.test.context.support.DirtiesContextBeforeModesTestExecutionListener@191a8997, org.springframework.boot.test.mock.mockito.MockitoTestExecutionListener@162be846, org.springframework.test.context.support.DependencyInjectionTestExecutionListener@503358e6, org.springframework.test.context.support.DirtiesContextTestExecutionListener@697633a, org.springframework.test.context.transaction.TransactionalTestExecutionListener@4b0c144e, org.springframework.test.context.jdbc.SqlScriptsTestExecutionListener@2acacb1, org.springframework.test.context.event.EventPublishingTestExecutionListener@4892206a, org.springframework.boot.test.mock.mockito.ResetMocksTestExecutionListener@752114f1]
06:23:59.485 [39mDEBUG[0;39m edu.mayo.kmdp.repository.asset.SemanticKnowledgeAssetRepository - ADDING CARRIER TO ASSET 9e621a10-ccb8-4470-84b8-3f9f362dc0da : 0.0.0 >>> 7f57a02b-4f57-48c4-9bea-fa51ab679238 : 0.0.0
06:24:00.003 [39mDEBUG[0;39m edu.mayo.kmdp.repository.asset.SemanticKnowledgeAssetRepository - Artifact has been set on asset org.omg.spec.api4kp._20200801.id.ResourceIdentifier@a2621a9f
06:24:00.457 [34mINFO [0;39m org.springframework.test.context.support.AbstractContextLoader - Could not detect default resource locations for test class [edu.mayo.kmdp.repository.asset.SemanticRepoAPITestBase]: no resource found for suffixes {-context.xml, Context.groovy}.
06:24:00.465 [34mINFO [0;39m org.springframework.boot.test.context.SpringBootTestContextBootstrapper - Loaded default TestExecutionListener class names from location [META-INF/spring.factories]: [org.springframework.boot.test.mock.mockito.MockitoTestExecutionListener, org.springframework.boot.test.mock.mockito.ResetMocksTestExecutionListener, org.springframework.test.context.web.ServletTestExecutionListener, org.springframework.test.context.support.DirtiesContextBeforeModesTestExecutionListener, org.springframework.test.context.support.DependencyInjectionTestExecutionListener, org.springframework.test.context.support.DirtiesContextTestExecutionListener, org.springframework.test.context.transaction.TransactionalTestExecutionListener, org.springframework.test.context.jdbc.SqlScriptsTestExecutionListener, org.springframework.test.context.event.EventPublishingTestExecutionListener]
06:24:00.465 [34mINFO [0;39m org.springframework.boot.test.context.SpringBootTestContextBootstrapper - Using TestExecutionListeners: [org.springframework.test.context.web.ServletTestExecutionListener@3ec4c84a, org.springframework.test.context.support.DirtiesContextBeforeModesTestExecutionListener@349247c9, org.springframework.boot.test.mock.mockito.MockitoTestExecutionListener@76700647, org.springframework.test.context.support.DependencyInjectionTestExecutionListener@588e4caa, org.springframework.test.context.support.DirtiesContextTestExecutionListener@40904969, org.springframework.test.context.transaction.TransactionalTestExecutionListener@669ae2bd, org.springframework.test.context.jdbc.SqlScriptsTestExecutionListener@102e8217, org.springframework.test.context.event.EventPublishingTestExecutionListener@3a6f77a4, org.springframework.boot.test.mock.mockito.ResetMocksTestExecutionListener@7876ba81]
06:24:01.738 [34mINFO [0;39m org.springframework.scheduling.concurrent.ThreadPoolTaskExecutor - Shutting down ExecutorService 'applicationTaskExecutor'
06:24:01.745 [34mINFO [0;39m org.springframework.orm.jpa.LocalContainerEntityManagerFactoryBean - Closing JPA EntityManagerFactory for persistence unit 'default'
06:24:01.745 [34mINFO [0;39m org.hibernate.tool.schema.internal.SchemaDropperImpl$DelayedDropActionImpl - HHH000477: Starting delayed evictData of schema as part of SessionFactory shut-down'
06:24:01.748 [34mINFO [0;39m com.zaxxer.hikari.HikariDataSource - HikariPool-1 - Shutdown initiated...
06:24:01.755 [34mINFO [0;39m com.zaxxer.hikari.HikariDataSource - HikariPool-1 - Shutdown completed.
06:38:14.079 [34mINFO [0;39m edu.mayo.kmdp.repository.asset.catalog.UserAgentClientTest - Starting UserAgentClientTest on fv-az80-227 with PID 16618 (started by vsts in /home/vsts/work/1/s/kmdp-knowledge-asset-repository-service/kmdp-knowledge-asset-repository-impl)
06:38:14.080 [39mDEBUG[0;39m edu.mayo.kmdp.repository.asset.catalog.UserAgentClientTest - Running with Spring Boot v2.2.1.RELEASE, Spring v5.2.1.RELEASE
06:38:14.084 [34mINFO [0;39m edu.mayo.kmdp.repository.asset.catalog.UserAgentClientTest - No active profile set, falling back to default profiles: default
06:38:15.741 [34mINFO [0;39m org.springframework.data.repository.config.RepositoryConfigurationDelegate - Bootstrapping Spring Data repositories in DEFAULT mode.
06:38:15.785 [34mINFO [0;39m org.springframework.data.repository.config.RepositoryConfigurationDelegate - Finished Spring Data repository scanning in 35ms. Found 0 repository interfaces.
06:38:16.323 [34mINFO [0;39m org.springframework.context.support.PostProcessorRegistrationDelegate$BeanPostProcessorChecker - Bean 'org.springframework.transaction.annotation.ProxyTransactionManagementConfiguration' of type [org.springframework.transaction.annotation.ProxyTransactionManagementConfiguration] is not eligible for getting processed by all BeanPostProcessors (for example: not eligible for auto-proxying)
06:38:16.773 [34mINFO [0;39m org.springframework.boot.web.embedded.tomcat.TomcatWebServer - Tomcat initialized with port(s): 0 (http)
06:38:16.786 [34mINFO [0;39m org.apache.coyote.http11.Http11NioProtocol - Initializing ProtocolHandler ["http-nio-auto-1"]
06:38:16.787 [34mINFO [0;39m org.apache.catalina.core.StandardService - Starting service [Tomcat]
06:38:16.788 [34mINFO [0;39m org.apache.catalina.core.StandardEngine - Starting Servlet engine: [Apache Tomcat/9.0.27]
06:38:17.004 [34mINFO [0;39m org.apache.catalina.core.ContainerBase.[Tomcat].[localhost].[/] - Initializing Spring embedded WebApplicationContext
06:38:17.004 [34mINFO [0;39m org.springframework.web.context.ContextLoader - Root WebApplicationContext: initialization completed in 2873 ms
06:38:17.701 [34mINFO [0;39m com.zaxxer.hikari.HikariDataSource - HikariPool-1 - Starting...
06:38:17.984 [34mINFO [0;39m com.zaxxer.hikari.HikariDataSource - HikariPool-1 - Start completed.
06:38:18.083 [34mINFO [0;39m org.hibernate.jpa.internal.util.LogHelper - HHH000204: Processing PersistenceUnitInfo [name: default]
06:38:18.193 [34mINFO [0;39m org.hibernate.Version - HHH000412: Hibernate Core {5.4.8.Final}
06:38:18.341 [34mINFO [0;39m org.hibernate.annotations.common.Version - HCANN000001: Hibernate Commons Annotations {5.1.0.Final}
06:38:18.473 [34mINFO [0;39m org.hibernate.dialect.Dialect - HHH000400: Using dialect: org.hibernate.dialect.H2Dialect
06:38:18.819 [34mINFO [0;39m org.hibernate.engine.transaction.jta.platform.internal.JtaPlatformInitiator - HHH000490: Using JtaPlatform implementation: [org.hibernate.engine.transaction.jta.platform.internal.NoJtaPlatform]
06:38:18.828 [34mINFO [0;39m org.springframework.orm.jpa.LocalContainerEntityManagerFactoryBean - Initialized JPA EntityManagerFactory for persistence unit 'default'
06:38:18.913 [34mINFO [0;39m edu.mayo.kmdp.repository.asset.KnowledgeAssetRepositoryComponentConfig - Knowledge Asset Repository using DB connection: jdbc:h2:mem:testdb
06:38:18.927 [34mINFO [0;39m org.hibernate.jpa.internal.util.LogHelper - HHH000204: Processing PersistenceUnitInfo [name: default]
06:38:18.983 [34mINFO [0;39m org.hibernate.dialect.Dialect - HHH000400: Using dialect: org.hibernate.dialect.H2Dialect
06:38:19.480 [34mINFO [0;39m org.hibernate.engine.transaction.jta.platform.internal.JtaPlatformInitiator - HHH000490: Using JtaPlatform implementation: [org.hibernate.engine.transaction.jta.platform.internal.NoJtaPlatform]
06:38:19.481 [34mINFO [0;39m org.springframework.orm.jpa.LocalContainerEntityManagerFactoryBean - Initialized JPA EntityManagerFactory for persistence unit 'default'
06:38:20.829 [34mINFO [0;39m ca.uhn.fhir.util.VersionUtil - HAPI FHIR version 4.1.0 - Rev 03163c2cf5
06:38:20.834 [34mINFO [0;39m ca.uhn.fhir.context.FhirContext - Creating new FHIR context for FHIR version [DSTU3]
06:38:20.845 [34mINFO [0;39m ca.uhn.fhir.context.FhirContext - Creating new FHIR context for FHIR version [DSTU3]
06:38:21.134 [34mINFO [0;39m ca.uhn.fhir.context.FhirContext - Creating new FHIR context for FHIR version [DSTU3]
06:38:21.135 [34mINFO [0;39m ca.uhn.fhir.context.FhirContext - Creating new FHIR context for FHIR version [DSTU3]
06:38:21.180 [31mWARN [0;39m edu.mayo.kmdp.repository.asset.index.sparql.JenaSparqlDao - org.h2.jdbc.JdbcSQLSyntaxErrorException: Table "TRIPLES" not found; SQL statement:
SELECT COUNT(*) FROM Triples [42102-200]
06:38:21.180 [31mWARN [0;39m edu.mayo.kmdp.repository.asset.index.sparql.JenaSparqlDao - Please check that your DB is setup properly
06:38:21.630 [34mINFO [0;39m edu.mayo.kmdp.repository.asset.SemanticKnowledgeAssetRepository - This repository does not support DELETE operations
06:38:21.987 [31mWARN [0;39m org.springframework.boot.autoconfigure.orm.jpa.JpaBaseConfiguration$JpaWebConfiguration - spring.jpa.open-in-view is enabled by default. Therefore, database queries may be performed during view rendering. Explicitly configure spring.jpa.open-in-view to disable this warning
06:38:22.233 [34mINFO [0;39m org.springframework.boot.actuate.endpoint.web.EndpointLinksResolver - Exposing 2 endpoint(s) beneath base path '/actuator'
06:38:22.962 [34mINFO [0;39m springfox.documentation.spring.web.PropertySourcedRequestMappingHandlerMapping - Mapped URL path [/v2/api-docs] onto method [springfox.documentation.swagger2.web.Swagger2Controller#getDocumentation(String, HttpServletRequest)]
06:38:23.082 [34mINFO [0;39m org.springframework.scheduling.concurrent.ThreadPoolTaskExecutor - Initializing ExecutorService 'applicationTaskExecutor'
06:38:23.568 [34mINFO [0;39m springfox.documentation.spring.web.plugins.DocumentationPluginsBootstrapper - Context refreshed
06:38:23.588 [34mINFO [0;39m springfox.documentation.spring.web.plugins.DocumentationPluginsBootstrapper - Found 1 custom documentation plugin(s)
06:38:23.658 [34mINFO [0;39m springfox.documentation.spring.web.scanners.ApiListingReferenceScanner - Scanning for api listing references
06:38:24.631 [34mINFO [0;39m org.apache.coyote.http11.Http11NioProtocol - Starting ProtocolHandler ["http-nio-auto-1"]
06:38:24.659 [34mINFO [0;39m org.springframework.boot.web.embedded.tomcat.TomcatWebServer - Tomcat started on port(s): 33763 (http) with context path ''
06:38:24.664 [34mINFO [0;39m edu.mayo.kmdp.repository.asset.catalog.UserAgentClientTest - Started UserAgentClientTest in 12.025 seconds (JVM running for 13.556)
06:38:25.047 [34mINFO [0;39m org.apache.catalina.core.ContainerBase.[Tomcat].[localhost].[/] - Initializing Spring DispatcherServlet 'dispatcherServlet'
06:38:25.048 [34mINFO [0;39m org.springframework.web.servlet.DispatcherServlet - Initializing Servlet 'dispatcherServlet'
06:38:25.070 [34mINFO [0;39m org.springframework.web.servlet.DispatcherServlet - Completed initialization in 20 ms
06:38:30.468 [34mINFO [0;39m org.springframework.test.context.support.AbstractContextLoader - Could not detect default resource locations for test class [edu.mayo.kmdp.repository.asset.SemanticRepoAPITestBase]: no resource found for suffixes {-context.xml, Context.groovy}.
06:38:30.473 [34mINFO [0;39m org.springframework.boot.test.context.SpringBootTestContextBootstrapper - Loaded default TestExecutionListener class names from location [META-INF/spring.factories]: [org.springframework.boot.test.mock.mockito.MockitoTestExecutionListener, org.springframework.boot.test.mock.mockito.ResetMocksTestExecutionListener, org.springframework.test.context.web.ServletTestExecutionListener, org.springframework.test.context.support.DirtiesContextBeforeModesTestExecutionListener, org.springframework.test.context.support.DependencyInjectionTestExecutionListener, org.springframework.test.context.support.DirtiesContextTestExecutionListener, org.springframework.test.context.transaction.TransactionalTestExecutionListener, org.springframework.test.context.jdbc.SqlScriptsTestExecutionListener, org.springframework.test.context.event.EventPublishingTestExecutionListener]
06:38:30.479 [34mINFO [0;39m org.springframework.boot.test.context.SpringBootTestContextBootstrapper - Using TestExecutionListeners: [org.springframework.test.context.web.ServletTestExecutionListener@3ae96d5b, org.springframework.test.context.support.DirtiesContextBeforeModesTestExecutionListener@62f4ae5a, org.springframework.boot.test.mock.mockito.MockitoTestExecutionListener@5c1f31f3, org.springframework.test.context.support.DependencyInjectionTestExecutionListener@71980fa7, org.springframework.test.context.support.DirtiesContextTestExecutionListener@6a377a, org.springframework.test.context.transaction.TransactionalTestExecutionListener@472bcf53, org.springframework.test.context.jdbc.SqlScriptsTestExecutionListener@629eeeec, org.springframework.test.context.event.EventPublishingTestExecutionListener@53ca202f, org.springframework.boot.test.mock.mockito.ResetMocksTestExecutionListener@24a1ccb]
06:38:30.785 [34mINFO [0;39m org.springframework.test.context.support.AbstractContextLoader - Could not detect default resource locations for test class [edu.mayo.kmdp.repository.asset.SemanticRepoAPITestBase]: no resource found for suffixes {-context.xml, Context.groovy}.
06:38:30.800 [34mINFO [0;39m org.springframework.boot.test.context.SpringBootTestContextBootstrapper - Loaded default TestExecutionListener class names from location [META-INF/spring.factories]: [org.springframework.boot.test.mock.mockito.MockitoTestExecutionListener, org.springframework.boot.test.mock.mockito.ResetMocksTestExecutionListener, org.springframework.test.context.web.ServletTestExecutionListener, org.springframework.test.context.support.DirtiesContextBeforeModesTestExecutionListener, org.springframework.test.context.support.DependencyInjectionTestExecutionListener, org.springframework.test.context.support.DirtiesContextTestExecutionListener, org.springframework.test.context.transaction.TransactionalTestExecutionListener, org.springframework.test.context.jdbc.SqlScriptsTestExecutionListener, org.springframework.test.context.event.EventPublishingTestExecutionListener]
06:38:30.806 [34mINFO [0;39m org.springframework.boot.test.context.SpringBootTestContextBootstrapper - Using TestExecutionListeners: [org.springframework.test.context.web.ServletTestExecutionListener@594c66ea, org.springframework.test.context.support.DirtiesContextBeforeModesTestExecutionListener@6a19bc2e, org.springframework.boot.test.mock.mockito.MockitoTestExecutionListener@3aaa8361, org.springframework.test.context.support.DependencyInjectionTestExecutionListener@3d2ee1a8, org.springframework.test.context.support.DirtiesContextTestExecutionListener@76fabd1, org.springframework.test.context.transaction.TransactionalTestExecutionListener@20309fde, org.springframework.test.context.jdbc.SqlScriptsTestExecutionListener@4e6fb132, org.springframework.test.context.event.EventPublishingTestExecutionListener@4063af6, org.springframework.boot.test.mock.mockito.ResetMocksTestExecutionListener@7e4d2884]
06:38:31.040 [34mINFO [0;39m org.springframework.test.context.support.AbstractContextLoader - Could not detect default resource locations for test class [edu.mayo.kmdp.repository.asset.SemanticRepoAPITestBase]: no resource found for suffixes {-context.xml, Context.groovy}.
06:38:31.042 [34mINFO [0;39m org.springframework.boot.test.context.SpringBootTestContextBootstrapper - Loaded default TestExecutionListener class names from location [META-INF/spring.factories]: [org.springframework.boot.test.mock.mockito.MockitoTestExecutionListener, org.springframework.boot.test.mock.mockito.ResetMocksTestExecutionListener, org.springframework.test.context.web.ServletTestExecutionListener, org.springframework.test.context.support.DirtiesContextBeforeModesTestExecutionListener, org.springframework.test.context.support.DependencyInjectionTestExecutionListener, org.springframework.test.context.support.DirtiesContextTestExecutionListener, org.springframework.test.context.transaction.TransactionalTestExecutionListener, org.springframework.test.context.jdbc.SqlScriptsTestExecutionListener, org.springframework.test.context.event.EventPublishingTestExecutionListener]
06:38:31.045 [34mINFO [0;39m org.springframework.boot.test.context.SpringBootTestContextBootstrapper - Using TestExecutionListeners: [org.springframework.test.context.web.ServletTestExecutionListener@3aa768c0, org.springframework.test.context.support.DirtiesContextBeforeModesTestExecutionListener@ee6533, org.springframework.boot.test.mock.mockito.MockitoTestExecutionListener@97b54ad, org.springframework.test.context.support.DependencyInjectionTestExecutionListener@34e10162, org.springframework.test.context.support.DirtiesContextTestExecutionListener@35019e56, org.springframework.test.context.transaction.TransactionalTestExecutionListener@46b5b238, org.springframework.test.context.jdbc.SqlScriptsTestExecutionListener@15b8487f, org.springframework.test.context.event.EventPublishingTestExecutionListener@29eeb1bb, org.springframework.boot.test.mock.mockito.ResetMocksTestExecutionListener@10a479fe]
06:38:32.003 [39mDEBUG[0;39m edu.mayo.kmdp.repository.asset.SemanticKnowledgeAssetRepository - ADDING CARRIER TO ASSET 4e941c7b-b308-4a0e-adda-801834144016 : 0.0.0 >>> 97bf23ed-0f16-4fd6-887c-e0b7a0d53b42 : 0.0.0
06:38:32.486 [39mDEBUG[0;39m edu.mayo.kmdp.repository.asset.SemanticKnowledgeAssetRepository - Artifact has been set on asset org.omg.spec.api4kp._20200801.id.ResourceIdentifier@92e81278
06:38:32.905 [34mINFO [0;39m org.springframework.test.context.support.AbstractContextLoader - Could not detect default resource locations for test class [edu.mayo.kmdp.repository.asset.SemanticRepoAPITestBase]: no resource found for suffixes {-context.xml, Context.groovy}.
06:38:32.916 [34mINFO [0;39m org.springframework.boot.test.context.SpringBootTestContextBootstrapper - Loaded default TestExecutionListener class names from location [META-INF/spring.factories]: [org.springframework.boot.test.mock.mockito.MockitoTestExecutionListener, org.springframework.boot.test.mock.mockito.ResetMocksTestExecutionListener, org.springframework.test.context.web.ServletTestExecutionListener, org.springframework.test.context.support.DirtiesContextBeforeModesTestExecutionListener, org.springframework.test.context.support.DependencyInjectionTestExecutionListener, org.springframework.test.context.support.DirtiesContextTestExecutionListener, org.springframework.test.context.transaction.TransactionalTestExecutionListener, org.springframework.test.context.jdbc.SqlScriptsTestExecutionListener, org.springframework.test.context.event.EventPublishingTestExecutionListener]
06:38:32.925 [34mINFO [0;39m org.springframework.boot.test.context.SpringBootTestContextBootstrapper - Using TestExecutionListeners: [org.springframework.test.context.web.ServletTestExecutionListener@480e8a7a, org.springframework.test.context.support.DirtiesContextBeforeModesTestExecutionListener@35f03e9d, org.springframework.boot.test.mock.mockito.MockitoTestExecutionListener@6850c02, org.springframework.test.context.support.DependencyInjectionTestExecutionListener@2aff6ec3, org.springframework.test.context.support.DirtiesContextTestExecutionListener@161e7cbc, org.springframework.test.context.transaction.TransactionalTestExecutionListener@22aeac34, org.springframework.test.context.jdbc.SqlScriptsTestExecutionListener@ce5417f, org.springframework.test.context.event.EventPublishingTestExecutionListener@5d3dbf56, org.springframework.boot.test.mock.mockito.ResetMocksTestExecutionListener@3823d3d1]
06:38:34.264 [34mINFO [0;39m org.springframework.scheduling.concurrent.ThreadPoolTaskExecutor - Shutting down ExecutorService 'applicationTaskExecutor'
06:38:34.270 [34mINFO [0;39m org.springframework.orm.jpa.LocalContainerEntityManagerFactoryBean - Closing JPA EntityManagerFactory for persistence unit 'default'
06:38:34.270 [34mINFO [0;39m org.hibernate.tool.schema.internal.SchemaDropperImpl$DelayedDropActionImpl - HHH000477: Starting delayed evictData of schema as part of SessionFactory shut-down'
06:38:34.272 [34mINFO [0;39m com.zaxxer.hikari.HikariDataSource - HikariPool-1 - Shutdown initiated...
06:38:34.282 [34mINFO [0;39m com.zaxxer.hikari.HikariDataSource - HikariPool-1 - Shutdown completed.
23:10:36.959 [34mINFO [0;39m edu.mayo.kmdp.repository.asset.catalog.UserAgentClientTest - Starting UserAgentClientTest on fv-az234-387 with PID 9715 (started by vsts in /home/vsts/work/1/s/kmdp-knowledge-asset-repository-service/kmdp-knowledge-asset-repository-impl)
23:10:36.960 [39mDEBUG[0;39m edu.mayo.kmdp.repository.asset.catalog.UserAgentClientTest - Running with Spring Boot v2.2.1.RELEASE, Spring v5.2.1.RELEASE
23:10:36.960 [34mINFO [0;39m edu.mayo.kmdp.repository.asset.catalog.UserAgentClientTest - No active profile set, falling back to default profiles: default
23:10:38.563 [34mINFO [0;39m org.springframework.data.repository.config.RepositoryConfigurationDelegate - Bootstrapping Spring Data repositories in DEFAULT mode.
23:10:38.594 [34mINFO [0;39m org.springframework.data.repository.config.RepositoryConfigurationDelegate - Finished Spring Data repository scanning in 23ms. Found 0 repository interfaces.
23:10:39.090 [34mINFO [0;39m org.springframework.context.support.PostProcessorRegistrationDelegate$BeanPostProcessorChecker - Bean 'org.springframework.transaction.annotation.ProxyTransactionManagementConfiguration' of type [org.springframework.transaction.annotation.ProxyTransactionManagementConfiguration] is not eligible for getting processed by all BeanPostProcessors (for example: not eligible for auto-proxying)
23:10:39.470 [34mINFO [0;39m org.springframework.boot.web.embedded.tomcat.TomcatWebServer - Tomcat initialized with port(s): 0 (http)
23:10:39.481 [34mINFO [0;39m org.apache.coyote.http11.Http11NioProtocol - Initializing ProtocolHandler ["http-nio-auto-1"]
23:10:39.483 [34mINFO [0;39m org.apache.catalina.core.StandardService - Starting service [Tomcat]
23:10:39.483 [34mINFO [0;39m org.apache.catalina.core.StandardEngine - Starting Servlet engine: [Apache Tomcat/9.0.27]
23:10:39.667 [34mINFO [0;39m org.apache.catalina.core.ContainerBase.[Tomcat].[localhost].[/] - Initializing Spring embedded WebApplicationContext
23:10:39.667 [34mINFO [0;39m org.springframework.web.context.ContextLoader - Root WebApplicationContext: initialization completed in 2677 ms
23:10:40.314 [34mINFO [0;39m com.zaxxer.hikari.HikariDataSource - HikariPool-1 - Starting...
23:10:40.602 [34mINFO [0;39m com.zaxxer.hikari.HikariDataSource - HikariPool-1 - Start completed.
23:10:40.743 [34mINFO [0;39m org.hibernate.jpa.internal.util.LogHelper - HHH000204: Processing PersistenceUnitInfo [name: default]
23:10:40.845 [34mINFO [0;39m org.hibernate.Version - HHH000412: Hibernate Core {5.4.8.Final}
23:10:41.002 [34mINFO [0;39m org.hibernate.annotations.common.Version - HCANN000001: Hibernate Commons Annotations {5.1.0.Final}
23:10:41.151 [34mINFO [0;39m org.hibernate.dialect.Dialect - HHH000400: Using dialect: org.hibernate.dialect.H2Dialect
23:10:41.420 [34mINFO [0;39m org.hibernate.engine.transaction.jta.platform.internal.JtaPlatformInitiator - HHH000490: Using JtaPlatform implementation: [org.hibernate.engine.transaction.jta.platform.internal.NoJtaPlatform]
23:10:41.427 [34mINFO [0;39m org.springframework.orm.jpa.LocalContainerEntityManagerFactoryBean - Initialized JPA EntityManagerFactory for persistence unit 'default'
23:10:41.570 [34mINFO [0;39m edu.mayo.kmdp.repository.asset.KnowledgeAssetRepositoryComponentConfig - Knowledge Asset Repository using DB connection: jdbc:h2:mem:testdb
23:10:41.589 [34mINFO [0;39m org.hibernate.jpa.internal.util.LogHelper - HHH000204: Processing PersistenceUnitInfo [name: default]
23:10:41.652 [34mINFO [0;39m org.hibernate.dialect.Dialect - HHH000400: Using dialect: org.hibernate.dialect.H2Dialect
23:10:42.162 [34mINFO [0;39m org.hibernate.engine.transaction.jta.platform.internal.JtaPlatformInitiator - HHH000490: Using JtaPlatform implementation: [org.hibernate.engine.transaction.jta.platform.internal.NoJtaPlatform]
23:10:42.162 [34mINFO [0;39m org.springframework.orm.jpa.LocalContainerEntityManagerFactoryBean - Initialized JPA EntityManagerFactory for persistence unit 'default'
23:10:43.639 [34mINFO [0;39m ca.uhn.fhir.util.VersionUtil - HAPI FHIR version 4.1.0 - Rev 03163c2cf5
23:10:43.644 [34mINFO [0;39m ca.uhn.fhir.context.FhirContext - Creating new FHIR context for FHIR version [DSTU3]
23:10:43.655 [34mINFO [0;39m ca.uhn.fhir.context.FhirContext - Creating new FHIR context for FHIR version [DSTU3]
23:10:43.885 [34mINFO [0;39m ca.uhn.fhir.context.FhirContext - Creating new FHIR context for FHIR version [DSTU3]
23:10:43.887 [34mINFO [0;39m ca.uhn.fhir.context.FhirContext - Creating new FHIR context for FHIR version [DSTU3]
23:10:43.983 [31mWARN [0;39m edu.mayo.kmdp.repository.asset.index.sparql.JenaSparqlDao - org.h2.jdbc.JdbcSQLSyntaxErrorException: Table "TRIPLES" not found; SQL statement:
SELECT COUNT(*) FROM Triples [42102-200]
23:10:43.983 [31mWARN [0;39m edu.mayo.kmdp.repository.asset.index.sparql.JenaSparqlDao - Please check that your DB is setup properly
23:10:44.427 [34mINFO [0;39m edu.mayo.kmdp.repository.asset.SemanticKnowledgeAssetRepository - This repository does not support DELETE operations
23:10:44.782 [31mWARN [0;39m org.springframework.boot.autoconfigure.orm.jpa.JpaBaseConfiguration$JpaWebConfiguration - spring.jpa.open-in-view is enabled by default. Therefore, database queries may be performed during view rendering. Explicitly configure spring.jpa.open-in-view to disable this warning
23:10:45.038 [34mINFO [0;39m org.springframework.boot.actuate.endpoint.web.EndpointLinksResolver - Exposing 2 endpoint(s) beneath base path '/actuator'
23:10:45.859 [34mINFO [0;39m springfox.documentation.spring.web.PropertySourcedRequestMappingHandlerMapping - Mapped URL path [/v2/api-docs] onto method [springfox.documentation.swagger2.web.Swagger2Controller#getDocumentation(String, HttpServletRequest)]
23:10:45.983 [34mINFO [0;39m org.springframework.scheduling.concurrent.ThreadPoolTaskExecutor - Initializing ExecutorService 'applicationTaskExecutor'
23:10:46.492 [34mINFO [0;39m springfox.documentation.spring.web.plugins.DocumentationPluginsBootstrapper - Context refreshed
23:10:46.515 [34mINFO [0;39m springfox.documentation.spring.web.plugins.DocumentationPluginsBootstrapper - Found 1 custom documentation plugin(s)
23:10:46.655 [34mINFO [0;39m springfox.documentation.spring.web.scanners.ApiListingReferenceScanner - Scanning for api listing references
23:10:47.970 [34mINFO [0;39m org.apache.coyote.http11.Http11NioProtocol - Starting ProtocolHandler ["http-nio-auto-1"]
23:10:48.003 [34mINFO [0;39m org.springframework.boot.web.embedded.tomcat.TomcatWebServer - Tomcat started on port(s): 43571 (http) with context path ''
23:10:48.013 [34mINFO [0;39m edu.mayo.kmdp.repository.asset.catalog.UserAgentClientTest - Started UserAgentClientTest in 12.439 seconds (JVM running for 13.927)
23:10:48.382 [34mINFO [0;39m org.apache.catalina.core.ContainerBase.[Tomcat].[localhost].[/] - Initializing Spring DispatcherServlet 'dispatcherServlet'
23:10:48.384 [34mINFO [0;39m org.springframework.web.servlet.DispatcherServlet - Initializing Servlet 'dispatcherServlet'
23:10:48.407 [34mINFO [0;39m org.springframework.web.servlet.DispatcherServlet - Completed initialization in 22 ms
23:10:54.820 [34mINFO [0;39m org.springframework.test.context.support.AbstractContextLoader - Could not detect default resource locations for test class [edu.mayo.kmdp.repository.asset.SemanticRepoAPITestBase]: no resource found for suffixes {-context.xml, Context.groovy}.
23:10:54.826 [34mINFO [0;39m org.springframework.boot.test.context.SpringBootTestContextBootstrapper - Loaded default TestExecutionListener class names from location [META-INF/spring.factories]: [org.springframework.boot.test.mock.mockito.MockitoTestExecutionListener, org.springframework.boot.test.mock.mockito.ResetMocksTestExecutionListener, org.springframework.test.context.web.ServletTestExecutionListener, org.springframework.test.context.support.DirtiesContextBeforeModesTestExecutionListener, org.springframework.test.context.support.DependencyInjectionTestExecutionListener, org.springframework.test.context.support.DirtiesContextTestExecutionListener, org.springframework.test.context.transaction.TransactionalTestExecutionListener, org.springframework.test.context.jdbc.SqlScriptsTestExecutionListener, org.springframework.test.context.event.EventPublishingTestExecutionListener]
23:10:54.829 [34mINFO [0;39m org.springframework.boot.test.context.SpringBootTestContextBootstrapper - Using TestExecutionListeners: [org.springframework.test.context.web.ServletTestExecutionListener@4e80eb4c, org.springframework.test.context.support.DirtiesContextBeforeModesTestExecutionListener@51ce22e3, org.springframework.boot.test.mock.mockito.MockitoTestExecutionListener@1b5359a1, org.springframework.test.context.support.DependencyInjectionTestExecutionListener@78bbc584, org.springframework.test.context.support.DirtiesContextTestExecutionListener@31a89b54, org.springframework.test.context.transaction.TransactionalTestExecutionListener@11d16eb8, org.springframework.test.context.jdbc.SqlScriptsTestExecutionListener@104ea372, org.springframework.test.context.event.EventPublishingTestExecutionListener@367fd31a, org.springframework.boot.test.mock.mockito.ResetMocksTestExecutionListener@43f88cba]
23:10:55.167 [34mINFO [0;39m org.springframework.test.context.support.AbstractContextLoader - Could not detect default resource locations for test class [edu.mayo.kmdp.repository.asset.SemanticRepoAPITestBase]: no resource found for suffixes {-context.xml, Context.groovy}.
23:10:55.169 [34mINFO [0;39m org.springframework.boot.test.context.SpringBootTestContextBootstrapper - Loaded default TestExecutionListener class names from location [META-INF/spring.factories]: [org.springframework.boot.test.mock.mockito.MockitoTestExecutionListener, org.springframework.boot.test.mock.mockito.ResetMocksTestExecutionListener, org.springframework.test.context.web.ServletTestExecutionListener, org.springframework.test.context.support.DirtiesContextBeforeModesTestExecutionListener, org.springframework.test.context.support.DependencyInjectionTestExecutionListener, org.springframework.test.context.support.DirtiesContextTestExecutionListener, org.springframework.test.context.transaction.TransactionalTestExecutionListener, org.springframework.test.context.jdbc.SqlScriptsTestExecutionListener, org.springframework.test.context.event.EventPublishingTestExecutionListener]
23:10:55.169 [34mINFO [0;39m org.springframework.boot.test.context.SpringBootTestContextBootstrapper - Using TestExecutionListeners: [org.springframework.test.context.web.ServletTestExecutionListener@77e914a4, org.springframework.test.context.support.DirtiesContextBeforeModesTestExecutionListener@1e21c025, org.springframework.boot.test.mock.mockito.MockitoTestExecutionListener@15774e00, org.springframework.test.context.support.DependencyInjectionTestExecutionListener@561419ce, org.springframework.test.context.support.DirtiesContextTestExecutionListener@69676b9c, org.springframework.test.context.transaction.TransactionalTestExecutionListener@79d7ae7d, org.springframework.test.context.jdbc.SqlScriptsTestExecutionListener@56fff809, org.springframework.test.context.event.EventPublishingTestExecutionListener@20d35171, org.springframework.boot.test.mock.mockito.ResetMocksTestExecutionListener@72bae57c]
23:10:55.379 [34mINFO [0;39m org.springframework.test.context.support.AbstractContextLoader - Could not detect default resource locations for test class [edu.mayo.kmdp.repository.asset.SemanticRepoAPITestBase]: no resource found for suffixes {-context.xml, Context.groovy}.
23:10:55.382 [34mINFO [0;39m org.springframework.boot.test.context.SpringBootTestContextBootstrapper - Loaded default TestExecutionListener class names from location [META-INF/spring.factories]: [org.springframework.boot.test.mock.mockito.MockitoTestExecutionListener, org.springframework.boot.test.mock.mockito.ResetMocksTestExecutionListener, org.springframework.test.context.web.ServletTestExecutionListener, org.springframework.test.context.support.DirtiesContextBeforeModesTestExecutionListener, org.springframework.test.context.support.DependencyInjectionTestExecutionListener, org.springframework.test.context.support.DirtiesContextTestExecutionListener, org.springframework.test.context.transaction.TransactionalTestExecutionListener, org.springframework.test.context.jdbc.SqlScriptsTestExecutionListener, org.springframework.test.context.event.EventPublishingTestExecutionListener]
23:10:55.387 [34mINFO [0;39m org.springframework.boot.test.context.SpringBootTestContextBootstrapper - Using TestExecutionListeners: [org.springframework.test.context.web.ServletTestExecutionListener@1c66e404, org.springframework.test.context.support.DirtiesContextBeforeModesTestExecutionListener@7bbf17d, org.springframework.boot.test.mock.mockito.MockitoTestExecutionListener@56482084, org.springframework.test.context.support.DependencyInjectionTestExecutionListener@6130156b, org.springframework.test.context.support.DirtiesContextTestExecutionListener@4add8b8d, org.springframework.test.context.transaction.TransactionalTestExecutionListener@1235abb2, org.springframework.test.context.jdbc.SqlScriptsTestExecutionListener@5eef570, org.springframework.test.context.event.EventPublishingTestExecutionListener@641423eb, org.springframework.boot.test.mock.mockito.ResetMocksTestExecutionListener@42334d07]
23:10:56.388 [39mDEBUG[0;39m edu.mayo.kmdp.repository.asset.SemanticKnowledgeAssetRepository - ADDING CARRIER TO ASSET 753b33b2-78f7-4d62-acbc-7f1e512022ed : 0.0.0 >>> 944ed0c0-ec99-4d97-aa46-6f30e864d365 : 0.0.0
23:10:56.928 [39mDEBUG[0;39m edu.mayo.kmdp.repository.asset.SemanticKnowledgeAssetRepository - Artifact has been set on asset org.omg.spec.api4kp._20200801.id.ResourceIdentifier@a477728a
23:10:57.447 [34mINFO [0;39m org.springframework.test.context.support.AbstractContextLoader - Could not detect default resource locations for test class [edu.mayo.kmdp.repository.asset.SemanticRepoAPITestBase]: no resource found for suffixes {-context.xml, Context.groovy}.
23:10:57.457 [34mINFO [0;39m org.springframework.boot.test.context.SpringBootTestContextBootstrapper - Loaded default TestExecutionListener class names from location [META-INF/spring.factories]: [org.springframework.boot.test.mock.mockito.MockitoTestExecutionListener, org.springframework.boot.test.mock.mockito.ResetMocksTestExecutionListener, org.springframework.test.context.web.ServletTestExecutionListener, org.springframework.test.context.support.DirtiesContextBeforeModesTestExecutionListener, org.springframework.test.context.support.DependencyInjectionTestExecutionListener, org.springframework.test.context.support.DirtiesContextTestExecutionListener, org.springframework.test.context.transaction.TransactionalTestExecutionListener, org.springframework.test.context.jdbc.SqlScriptsTestExecutionListener, org.springframework.test.context.event.EventPublishingTestExecutionListener]
23:10:57.469 [34mINFO [0;39m org.springframework.boot.test.context.SpringBootTestContextBootstrapper - Using TestExecutionListeners: [org.springframework.test.context.web.ServletTestExecutionListener@3a66fb8f, org.springframework.test.context.support.DirtiesContextBeforeModesTestExecutionListener@64e08192, org.springframework.boot.test.mock.mockito.MockitoTestExecutionListener@42cb75c9, org.springframework.test.context.support.DependencyInjectionTestExecutionListener@3fe9caee, org.springframework.test.context.support.DirtiesContextTestExecutionListener@32def41f, org.springframework.test.context.transaction.TransactionalTestExecutionListener@52521fc7, org.springframework.test.context.jdbc.SqlScriptsTestExecutionListener@4b2e5d79, org.springframework.test.context.event.EventPublishingTestExecutionListener@3ae14048, org.springframework.boot.test.mock.mockito.ResetMocksTestExecutionListener@7fda2507]
23:10:58.583 [34mINFO [0;39m org.springframework.scheduling.concurrent.ThreadPoolTaskExecutor - Shutting down ExecutorService 'applicationTaskExecutor'
23:10:58.589 [34mINFO [0;39m org.springframework.orm.jpa.LocalContainerEntityManagerFactoryBean - Closing JPA EntityManagerFactory for persistence unit 'default'
23:10:58.590 [34mINFO [0;39m org.hibernate.tool.schema.internal.SchemaDropperImpl$DelayedDropActionImpl - HHH000477: Starting delayed evictData of schema as part of SessionFactory shut-down'
23:10:58.593 [34mINFO [0;39m com.zaxxer.hikari.HikariDataSource - HikariPool-1 - Shutdown initiated...
23:10:58.598 [34mINFO [0;39m com.zaxxer.hikari.HikariDataSource - HikariPool-1 - Shutdown completed.
23:25:27.079 [34mINFO [0;39m edu.mayo.kmdp.repository.asset.catalog.UserAgentClientTest - Starting UserAgentClientTest on fv-az234-387 with PID 16338 (started by vsts in /home/vsts/work/1/s/kmdp-knowledge-asset-repository-service/kmdp-knowledge-asset-repository-impl)
23:25:27.083 [39mDEBUG[0;39m edu.mayo.kmdp.repository.asset.catalog.UserAgentClientTest - Running with Spring Boot v2.2.1.RELEASE, Spring v5.2.1.RELEASE
23:25:27.084 [34mINFO [0;39m edu.mayo.kmdp.repository.asset.catalog.UserAgentClientTest - No active profile set, falling back to default profiles: default
23:25:29.083 [34mINFO [0;39m org.springframework.data.repository.config.RepositoryConfigurationDelegate - Bootstrapping Spring Data repositories in DEFAULT mode.
23:25:29.131 [34mINFO [0;39m org.springframework.data.repository.config.RepositoryConfigurationDelegate - Finished Spring Data repository scanning in 37ms. Found 0 repository interfaces.
23:25:29.722 [34mINFO [0;39m org.springframework.context.support.PostProcessorRegistrationDelegate$BeanPostProcessorChecker - Bean 'org.springframework.transaction.annotation.ProxyTransactionManagementConfiguration' of type [org.springframework.transaction.annotation.ProxyTransactionManagementConfiguration] is not eligible for getting processed by all BeanPostProcessors (for example: not eligible for auto-proxying)
23:25:30.165 [34mINFO [0;39m org.springframework.boot.web.embedded.tomcat.TomcatWebServer - Tomcat initialized with port(s): 0 (http)
23:25:30.176 [34mINFO [0;39m org.apache.coyote.http11.Http11NioProtocol - Initializing ProtocolHandler ["http-nio-auto-1"]
23:25:30.178 [34mINFO [0;39m org.apache.catalina.core.StandardService - Starting service [Tomcat]
23:25:30.181 [34mINFO [0;39m org.apache.catalina.core.StandardEngine - Starting Servlet engine: [Apache Tomcat/9.0.27]
23:25:30.324 [34mINFO [0;39m org.apache.catalina.core.ContainerBase.[Tomcat].[localhost].[/] - Initializing Spring embedded WebApplicationContext
23:25:30.324 [34mINFO [0;39m org.springframework.web.context.ContextLoader - Root WebApplicationContext: initialization completed in 3170 ms
23:25:31.039 [34mINFO [0;39m com.zaxxer.hikari.HikariDataSource - HikariPool-1 - Starting...
23:25:31.312 [34mINFO [0;39m com.zaxxer.hikari.HikariDataSource - HikariPool-1 - Start completed.
23:25:31.382 [34mINFO [0;39m org.hibernate.jpa.internal.util.LogHelper - HHH000204: Processing PersistenceUnitInfo [name: default]
23:25:31.469 [34mINFO [0;39m org.hibernate.Version - HHH000412: Hibernate Core {5.4.8.Final}
23:25:31.619 [34mINFO [0;39m org.hibernate.annotations.common.Version - HCANN000001: Hibernate Commons Annotations {5.1.0.Final}
23:25:31.792 [34mINFO [0;39m org.hibernate.dialect.Dialect - HHH000400: Using dialect: org.hibernate.dialect.H2Dialect
23:25:32.180 [34mINFO [0;39m org.hibernate.engine.transaction.jta.platform.internal.JtaPlatformInitiator - HHH000490: Using JtaPlatform implementation: [org.hibernate.engine.transaction.jta.platform.internal.NoJtaPlatform]
23:25:32.190 [34mINFO [0;39m org.springframework.orm.jpa.LocalContainerEntityManagerFactoryBean - Initialized JPA EntityManagerFactory for persistence unit 'default'
23:25:32.287 [34mINFO [0;39m edu.mayo.kmdp.repository.asset.KnowledgeAssetRepositoryComponentConfig - Knowledge Asset Repository using DB connection: jdbc:h2:mem:testdb
23:25:32.303 [34mINFO [0;39m org.hibernate.jpa.internal.util.LogHelper - HHH000204: Processing PersistenceUnitInfo [name: default]
23:25:32.363 [34mINFO [0;39m org.hibernate.dialect.Dialect - HHH000400: Using dialect: org.hibernate.dialect.H2Dialect
23:25:32.877 [34mINFO [0;39m org.hibernate.engine.transaction.jta.platform.internal.JtaPlatformInitiator - HHH000490: Using JtaPlatform implementation: [org.hibernate.engine.transaction.jta.platform.internal.NoJtaPlatform]
23:25:32.878 [34mINFO [0;39m org.springframework.orm.jpa.LocalContainerEntityManagerFactoryBean - Initialized JPA EntityManagerFactory for persistence unit 'default'
23:25:34.264 [34mINFO [0;39m ca.uhn.fhir.util.VersionUtil - HAPI FHIR version 4.1.0 - Rev 03163c2cf5
23:25:34.267 [34mINFO [0;39m ca.uhn.fhir.context.FhirContext - Creating new FHIR context for FHIR version [DSTU3]
23:25:34.277 [34mINFO [0;39m ca.uhn.fhir.context.FhirContext - Creating new FHIR context for FHIR version [DSTU3]
23:25:34.485 [34mINFO [0;39m ca.uhn.fhir.context.FhirContext - Creating new FHIR context for FHIR version [DSTU3]
23:25:34.485 [34mINFO [0;39m ca.uhn.fhir.context.FhirContext - Creating new FHIR context for FHIR version [DSTU3]
23:25:34.615 [31mWARN [0;39m edu.mayo.kmdp.repository.asset.index.sparql.JenaSparqlDao - org.h2.jdbc.JdbcSQLSyntaxErrorException: Table "TRIPLES" not found; SQL statement:
SELECT COUNT(*) FROM Triples [42102-200]
23:25:34.615 [31mWARN [0;39m edu.mayo.kmdp.repository.asset.index.sparql.JenaSparqlDao - Please check that your DB is setup properly
23:25:35.078 [34mINFO [0;39m edu.mayo.kmdp.repository.asset.SemanticKnowledgeAssetRepository - This repository does not support DELETE operations
23:25:35.345 [31mWARN [0;39m org.springframework.boot.autoconfigure.orm.jpa.JpaBaseConfiguration$JpaWebConfiguration - spring.jpa.open-in-view is enabled by default. Therefore, database queries may be performed during view rendering. Explicitly configure spring.jpa.open-in-view to disable this warning
23:25:35.540 [34mINFO [0;39m org.springframework.boot.actuate.endpoint.web.EndpointLinksResolver - Exposing 2 endpoint(s) beneath base path '/actuator'
23:25:36.227 [34mINFO [0;39m springfox.documentation.spring.web.PropertySourcedRequestMappingHandlerMapping - Mapped URL path [/v2/api-docs] onto method [springfox.documentation.swagger2.web.Swagger2Controller#getDocumentation(String, HttpServletRequest)]
23:25:36.374 [34mINFO [0;39m org.springframework.scheduling.concurrent.ThreadPoolTaskExecutor - Initializing ExecutorService 'applicationTaskExecutor'
23:25:36.940 [34mINFO [0;39m springfox.documentation.spring.web.plugins.DocumentationPluginsBootstrapper - Context refreshed
23:25:36.960 [34mINFO [0;39m springfox.documentation.spring.web.plugins.DocumentationPluginsBootstrapper - Found 1 custom documentation plugin(s)
23:25:37.039 [34mINFO [0;39m springfox.documentation.spring.web.scanners.ApiListingReferenceScanner - Scanning for api listing references
23:25:38.172 [34mINFO [0;39m org.apache.coyote.http11.Http11NioProtocol - Starting ProtocolHandler ["http-nio-auto-1"]
23:25:38.204 [34mINFO [0;39m org.springframework.boot.web.embedded.tomcat.TomcatWebServer - Tomcat started on port(s): 41647 (http) with context path ''
23:25:38.207 [34mINFO [0;39m edu.mayo.kmdp.repository.asset.catalog.UserAgentClientTest - Started UserAgentClientTest in 12.579 seconds (JVM running for 14.045)
23:25:38.581 [34mINFO [0;39m org.apache.catalina.core.ContainerBase.[Tomcat].[localhost].[/] - Initializing Spring DispatcherServlet 'dispatcherServlet'
23:25:38.582 [34mINFO [0;39m org.springframework.web.servlet.DispatcherServlet - Initializing Servlet 'dispatcherServlet'
23:25:38.595 [34mINFO [0;39m org.springframework.web.servlet.DispatcherServlet - Completed initialization in 12 ms
23:25:44.632 [34mINFO [0;39m org.springframework.test.context.support.AbstractContextLoader - Could not detect default resource locations for test class [edu.mayo.kmdp.repository.asset.SemanticRepoAPITestBase]: no resource found for suffixes {-context.xml, Context.groovy}.
23:25:44.640 [34mINFO [0;39m org.springframework.boot.test.context.SpringBootTestContextBootstrapper - Loaded default TestExecutionListener class names from location [META-INF/spring.factories]: [org.springframework.boot.test.mock.mockito.MockitoTestExecutionListener, org.springframework.boot.test.mock.mockito.ResetMocksTestExecutionListener, org.springframework.test.context.web.ServletTestExecutionListener, org.springframework.test.context.support.DirtiesContextBeforeModesTestExecutionListener, org.springframework.test.context.support.DependencyInjectionTestExecutionListener, org.springframework.test.context.support.DirtiesContextTestExecutionListener, org.springframework.test.context.transaction.TransactionalTestExecutionListener, org.springframework.test.context.jdbc.SqlScriptsTestExecutionListener, org.springframework.test.context.event.EventPublishingTestExecutionListener]
23:25:44.643 [34mINFO [0;39m org.springframework.boot.test.context.SpringBootTestContextBootstrapper - Using TestExecutionListeners: [org.springframework.test.context.web.ServletTestExecutionListener@6a16b724, org.springframework.test.context.support.DirtiesContextBeforeModesTestExecutionListener@1328a5de, org.springframework.boot.test.mock.mockito.MockitoTestExecutionListener@4426f362, org.springframework.test.context.support.DependencyInjectionTestExecutionListener@29007172, org.springframework.test.context.support.DirtiesContextTestExecutionListener@76705ce1, org.springframework.test.context.transaction.TransactionalTestExecutionListener@202001a4, org.springframework.test.context.jdbc.SqlScriptsTestExecutionListener@536e5b21, org.springframework.test.context.event.EventPublishingTestExecutionListener@794f2bdf, org.springframework.boot.test.mock.mockito.ResetMocksTestExecutionListener@d2ce743]
23:25:44.964 [34mINFO [0;39m org.springframework.test.context.support.AbstractContextLoader - Could not detect default resource locations for test class [edu.mayo.kmdp.repository.asset.SemanticRepoAPITestBase]: no resource found for suffixes {-context.xml, Context.groovy}.
23:25:44.972 [34mINFO [0;39m org.springframework.boot.test.context.SpringBootTestContextBootstrapper - Loaded default TestExecutionListener class names from location [META-INF/spring.factories]: [org.springframework.boot.test.mock.mockito.MockitoTestExecutionListener, org.springframework.boot.test.mock.mockito.ResetMocksTestExecutionListener, org.springframework.test.context.web.ServletTestExecutionListener, org.springframework.test.context.support.DirtiesContextBeforeModesTestExecutionListener, org.springframework.test.context.support.DependencyInjectionTestExecutionListener, org.springframework.test.context.support.DirtiesContextTestExecutionListener, org.springframework.test.context.transaction.TransactionalTestExecutionListener, org.springframework.test.context.jdbc.SqlScriptsTestExecutionListener, org.springframework.test.context.event.EventPublishingTestExecutionListener]
23:25:44.974 [34mINFO [0;39m org.springframework.boot.test.context.SpringBootTestContextBootstrapper - Using TestExecutionListeners: [org.springframework.test.context.web.ServletTestExecutionListener@66c9f7, org.springframework.test.context.support.DirtiesContextBeforeModesTestExecutionListener@551a7123, org.springframework.boot.test.mock.mockito.MockitoTestExecutionListener@138c28b5, org.springframework.test.context.support.DependencyInjectionTestExecutionListener@5bc2fcc6, org.springframework.test.context.support.DirtiesContextTestExecutionListener@6d5dbf38, org.springframework.test.context.transaction.TransactionalTestExecutionListener@6b4848d9, org.springframework.test.context.jdbc.SqlScriptsTestExecutionListener@19f31c85, org.springframework.test.context.event.EventPublishingTestExecutionListener@551be7b1, org.springframework.boot.test.mock.mockito.ResetMocksTestExecutionListener@553f3655]
23:25:45.170 [34mINFO [0;39m org.springframework.test.context.support.AbstractContextLoader - Could not detect default resource locations for test class [edu.mayo.kmdp.repository.asset.SemanticRepoAPITestBase]: no resource found for suffixes {-context.xml, Context.groovy}.
23:25:45.172 [34mINFO [0;39m org.springframework.boot.test.context.SpringBootTestContextBootstrapper - Loaded default TestExecutionListener class names from location [META-INF/spring.factories]: [org.springframework.boot.test.mock.mockito.MockitoTestExecutionListener, org.springframework.boot.test.mock.mockito.ResetMocksTestExecutionListener, org.springframework.test.context.web.ServletTestExecutionListener, org.springframework.test.context.support.DirtiesContextBeforeModesTestExecutionListener, org.springframework.test.context.support.DependencyInjectionTestExecutionListener, org.springframework.test.context.support.DirtiesContextTestExecutionListener, org.springframework.test.context.transaction.TransactionalTestExecutionListener, org.springframework.test.context.jdbc.SqlScriptsTestExecutionListener, org.springframework.test.context.event.EventPublishingTestExecutionListener]
23:25:45.175 [34mINFO [0;39m org.springframework.boot.test.context.SpringBootTestContextBootstrapper - Using TestExecutionListeners: [org.springframework.test.context.web.ServletTestExecutionListener@2293d694, org.springframework.test.context.support.DirtiesContextBeforeModesTestExecutionListener@2b8df4bc, org.springframework.boot.test.mock.mockito.MockitoTestExecutionListener@3469a432, org.springframework.test.context.support.DependencyInjectionTestExecutionListener@42994d28, org.springframework.test.context.support.DirtiesContextTestExecutionListener@7e821499, org.springframework.test.context.transaction.TransactionalTestExecutionListener@3aee27e1, org.springframework.test.context.jdbc.SqlScriptsTestExecutionListener@43df5cba, org.springframework.test.context.event.EventPublishingTestExecutionListener@4ba7a9e4, org.springframework.boot.test.mock.mockito.ResetMocksTestExecutionListener@25ef4ad5]
23:25:46.305 [39mDEBUG[0;39m edu.mayo.kmdp.repository.asset.SemanticKnowledgeAssetRepository - ADDING CARRIER TO ASSET df03ac98-6fdd-4789-aec5-169eeb7d9a26 : 0.0.0 >>> 0124ba72-1b5f-42ca-acc1-f7ee40c2447e : 0.0.0
23:25:46.814 [39mDEBUG[0;39m edu.mayo.kmdp.repository.asset.SemanticKnowledgeAssetRepository - Artifact has been set on asset org.omg.spec.api4kp._20200801.id.ResourceIdentifier@10d8321f
23:25:47.339 [34mINFO [0;39m org.springframework.test.context.support.AbstractContextLoader - Could not detect default resource locations for test class [edu.mayo.kmdp.repository.asset.SemanticRepoAPITestBase]: no resource found for suffixes {-context.xml, Context.groovy}.
23:25:47.342 [34mINFO [0;39m org.springframework.boot.test.context.SpringBootTestContextBootstrapper - Loaded default TestExecutionListener class names from location [META-INF/spring.factories]: [org.springframework.boot.test.mock.mockito.MockitoTestExecutionListener, org.springframework.boot.test.mock.mockito.ResetMocksTestExecutionListener, org.springframework.test.context.web.ServletTestExecutionListener, org.springframework.test.context.support.DirtiesContextBeforeModesTestExecutionListener, org.springframework.test.context.support.DependencyInjectionTestExecutionListener, org.springframework.test.context.support.DirtiesContextTestExecutionListener, org.springframework.test.context.transaction.TransactionalTestExecutionListener, org.springframework.test.context.jdbc.SqlScriptsTestExecutionListener, org.springframework.test.context.event.EventPublishingTestExecutionListener]
23:25:47.344 [34mINFO [0;39m org.springframework.boot.test.context.SpringBootTestContextBootstrapper - Using TestExecutionListeners: [org.springframework.test.context.web.ServletTestExecutionListener@60ce71c8, org.springframework.test.context.support.DirtiesContextBeforeModesTestExecutionListener@725645f4, org.springframework.boot.test.mock.mockito.MockitoTestExecutionListener@5ed2af52, org.springframework.test.context.support.DependencyInjectionTestExecutionListener@278f422, org.springframework.test.context.support.DirtiesContextTestExecutionListener@11ab8594, org.springframework.test.context.transaction.TransactionalTestExecutionListener@51920bb0, org.springframework.test.context.jdbc.SqlScriptsTestExecutionListener@1a7186ef, org.springframework.test.context.event.EventPublishingTestExecutionListener@5f6da867, org.springframework.boot.test.mock.mockito.ResetMocksTestExecutionListener@1227013b]
23:25:48.718 [34mINFO [0;39m org.springframework.scheduling.concurrent.ThreadPoolTaskExecutor - Shutting down ExecutorService 'applicationTaskExecutor'
23:25:48.722 [34mINFO [0;39m org.springframework.orm.jpa.LocalContainerEntityManagerFactoryBean - Closing JPA EntityManagerFactory for persistence unit 'default'
23:25:48.722 [34mINFO [0;39m org.hibernate.tool.schema.internal.SchemaDropperImpl$DelayedDropActionImpl - HHH000477: Starting delayed evictData of schema as part of SessionFactory shut-down'
23:25:48.731 [34mINFO [0;39m com.zaxxer.hikari.HikariDataSource - HikariPool-1 - Shutdown initiated...
23:25:48.743 [34mINFO [0;39m com.zaxxer.hikari.HikariDataSource - HikariPool-1 - Shutdown completed.
